<?xml version="1.0" encoding="UTF-8"?>
<testng-results ignored="0" total="1" passed="1" failed="0" skipped="0">
  <reporter-output>
  </reporter-output>
  <suite started-at="2022-07-06T11:05:31Z" name="Default suite" finished-at="2022-07-06T11:06:01Z" duration-ms="30071">
    <groups>
    </groups>
    <test started-at="2022-07-06T11:05:31Z" name="Default test" finished-at="2022-07-06T11:06:01Z" duration-ms="30071">
      <class name="ciklumSamplejenkins.SampleFile">
        <test-method signature="getData()[pri:0, instance:ciklumSamplejenkins.SampleFile@1efe439d]" started-at="2022-07-06T11:05:31Z" name="getData" finished-at="2022-07-06T11:06:01Z" duration-ms="30027" status="PASS">
          <reporter-output>
          </reporter-output>
        </test-method> <!-- getData -->
      </class> <!-- ciklumSamplejenkins.SampleFile -->
    </test> <!-- Default test -->
  </suite> <!-- Default suite -->
</testng-results>
